<?xml version="1.0" encoding="UTF-8"?>
<!-- Generated by org.testng.reporters.JUnitXMLReporter -->
<testsuite hostname="ATMECSINLT-516" ignored="8" name="Test" tests="5" failures="0" timestamp="2019-11-28T16:58:13 IST" time="18.538" errors="0">
  <testcase name="@AfterMethod reporting" time="0.0" classname="com.demo.TestCases.BaseClass">
    <failure type="java.lang.NullPointerException">
      <![CDATA[java.lang.NullPointerException
at com.demo.TestCases.BaseClass.reporting(BaseClass.java:76)
at java.util.ArrayList.forEach(Unknown Source)
... Removed 32 stack frames]]>
    </failure>
  </testcase> <!-- @AfterMethod reporting -->
  <testcase name="@AfterMethod reporting" time="-1.574940493466E9" classname="com.demo.TestCases.BaseClass">
    <skipped/>
  </testcase> <!-- @AfterMethod reporting -->
  <testcase name="@AfterMethod reporting" time="0.001" classname="com.demo.TestCases.BaseClass">
    <failure type="java.lang.NullPointerException">
      <![CDATA[java.lang.NullPointerException
at com.demo.TestCases.BaseClass.reporting(BaseClass.java:76)
at java.util.ArrayList.forEach(Unknown Source)
... Removed 32 stack frames]]>
    </failure>
  </testcase> <!-- @AfterMethod reporting -->
  <testcase name="@AfterMethod reporting" time="-1.574940493475E9" classname="com.demo.TestCases.BaseClass">
    <skipped/>
  </testcase> <!-- @AfterMethod reporting -->
  <testcase name="Register" time="17.366" classname="com.demo.TestCases.TC2_Register"/>
  <testcase name="Login" time="0.001" classname="com.demo.TestCases.TC1_Login">
    <skipped/>
  </testcase> <!-- Login -->
  <testcase name="Login" time="0.0" classname="com.demo.TestCases.TC1_Login">
    <skipped/>
  </testcase> <!-- Login -->
  <testcase name="logout" time="0.001" classname="com.demo.TestCases.TC3_Logout">
    <skipped/>
  </testcase> <!-- logout -->
  <testcase name="logout" time="0.0" classname="com.demo.TestCases.TC3_Logout">
    <skipped/>
  </testcase> <!-- logout -->
  <testcase name="@AfterSuite Closebrowser" time="0.0" classname="com.demo.TestCases.BaseClass">
    <ignored/>
  </testcase> <!-- @AfterSuite Closebrowser -->
  <testcase name="@AfterSuite Closebrowser" time="0.0" classname="com.demo.TestCases.BaseClass">
    <ignored/>
  </testcase> <!-- @AfterSuite Closebrowser -->
  <testcase name="@BeforeSuite OpenBrowser" time="0.0" classname="com.demo.TestCases.BaseClass">
    <ignored/>
  </testcase> <!-- @BeforeSuite OpenBrowser -->
  <testcase name="@BeforeSuite OpenBrowser" time="0.0" classname="com.demo.TestCases.BaseClass">
    <ignored/>
  </testcase> <!-- @BeforeSuite OpenBrowser -->
  <testcase name="@BeforeTest setExtent" time="0.0" classname="com.demo.TestCases.BaseClass">
    <ignored/>
  </testcase> <!-- @BeforeTest setExtent -->
  <testcase name="@BeforeTest setExtent" time="0.0" classname="com.demo.TestCases.BaseClass">
    <ignored/>
  </testcase> <!-- @BeforeTest setExtent -->
  <testcase name="@AfterTest endExtent" time="0.0" classname="com.demo.TestCases.BaseClass">
    <ignored/>
  </testcase> <!-- @AfterTest endExtent -->
  <testcase name="@AfterTest endExtent" time="0.0" classname="com.demo.TestCases.BaseClass">
    <ignored/>
  </testcase> <!-- @AfterTest endExtent -->
</testsuite> <!-- Test -->
